# JRE version: OpenJDK Runtime Environment (10.0.2+13) (build 10.0.2+13-Ubuntu-1ubuntu0.18.04.4)
# Java VM: OpenJDK 64-Bit Server VM (10.0.2+13-Ubuntu-1ubuntu0.18.04.4, mixed mode, tiered, compressed oops, g1 gc, linux-amd64)
Heap:
 garbage-first heap   total 126976K, used 43819K [0x0000000085600000, 0x0000000100000000)
  region size 1024K, 35 young (35840K), 4 survivors (4096K)
 Metaspace       used 51057K, capacity 52003K, committed 52352K, reserved 1095680K
  class space    used 5880K, capacity 6269K, committed 6272K, reserved 1048576K
GC Heap History (10 events):
Event: 1,804 GC heap before
{Heap before GC invocations=1 (full 0):
 garbage-first heap   total 126976K, used 13524K [0x0000000085600000, 0x0000000100000000)
  region size 1024K, 11 young (11264K), 2 survivors (2048K)
 Metaspace       used 18302K, capacity 18833K, committed 18944K, reserved 1067008K
  class space    used 1984K, capacity 2221K, committed 2304K, reserved 1048576K
}
Event: 1,818 GC heap after
{Heap after GC invocations=2 (full 0):
 garbage-first heap   total 126976K, used 5766K [0x0000000085600000, 0x0000000100000000)
  region size 1024K, 2 young (2048K), 2 survivors (2048K)
 Metaspace       used 18302K, capacity 18833K, committed 18944K, reserved 1067008K
  class space    used 1984K, capacity 2221K, committed 2304K, reserved 1048576K
}
Event: 1,851 GC heap before
{Heap before GC invocations=2 (full 0):
 garbage-first heap   total 126976K, used 31366K [0x0000000085600000, 0x0000000100000000)
  region size 1024K, 27 young (27648K), 2 survivors (2048K)
 Metaspace       used 18302K, capacity 18833K, committed 18944K, reserved 1067008K
  class space    used 1984K, capacity 2221K, committed 2304K, reserved 1048576K
}
Event: 1,860 GC heap after
{Heap after GC invocations=3 (full 0):
 garbage-first heap   total 126976K, used 5858K [0x0000000085600000, 0x0000000100000000)
  region size 1024K, 2 young (2048K), 2 survivors (2048K)
 Metaspace       used 18302K, capacity 18833K, committed 18944K, reserved 1067008K
  class space    used 1984K, capacity 2221K, committed 2304K, reserved 1048576K
}
Event: 5,804 GC heap before
{Heap before GC invocations=3 (full 0):
 garbage-first heap   total 126976K, used 17122K [0x0000000085600000, 0x0000000100000000)
  region size 1024K, 14 young (14336K), 2 survivors (2048K)
 Metaspace       used 20673K, capacity 21151K, committed 21248K, reserved 1069056K
  class space    used 2274K, capacity 2524K, committed 2560K, reserved 1048576K
}
Event: 5,806 GC heap after
{Heap after GC invocations=4 (full 0):
 garbage-first heap   total 126976K, used 6240K [0x0000000085600000, 0x0000000100000000)
  region size 1024K, 2 young (2048K), 2 survivors (2048K)
 Metaspace       used 20673K, capacity 21151K, committed 21248K, reserved 1069056K
  class space    used 2274K, capacity 2524K, committed 2560K, reserved 1048576K
}
Event: 6,608 GC heap before
{Heap before GC invocations=5 (full 0):
 garbage-first heap   total 126976K, used 42080K [0x0000000085600000, 0x0000000100000000)
  region size 1024K, 38 young (38912K), 2 survivors (2048K)
 Metaspace       used 34891K, capacity 35525K, committed 35840K, reserved 1081344K
  class space    used 4076K, capacity 4393K, committed 4480K, reserved 1048576K
}
Event: 6,614 GC heap after
{Heap after GC invocations=6 (full 0):
 garbage-first heap   total 126976K, used 10014K [0x0000000085600000, 0x0000000100000000)
  region size 1024K, 6 young (6144K), 6 survivors (6144K)
 Metaspace       used 34891K, capacity 35525K, committed 35840K, reserved 1081344K
  class space    used 4076K, capacity 4393K, committed 4480K, reserved 1048576K
}
Event: 7,806 GC heap before
{Heap before GC invocations=7 (full 0):
 garbage-first heap   total 126976K, used 61214K [0x0000000085600000, 0x0000000100000000)
  region size 1024K, 56 young (57344K), 6 survivors (6144K)
 Metaspace       used 46985K, capacity 47788K, committed 48512K, reserved 1091584K
  class space    used 5585K, capacity 5947K, committed 6016K, reserved 1048576K
}
Event: 7,816 GC heap after
{Heap after GC invocations=8 (full 0):
 garbage-first heap   total 126976K, used 13099K [0x0000000085600000, 0x0000000100000000)
  region size 1024K, 4 young (4096K), 4 survivors (4096K)
 Metaspace       used 46985K, capacity 47788K, committed 48512K, reserved 1091584K
  class space    used 5585K, capacity 5947K, committed 6016K, reserved 1048576K
}

