# JRE version: OpenJDK Runtime Environment (10.0.2+13) (build 10.0.2+13-Ubuntu-1ubuntu0.18.04.4)
# Java VM: OpenJDK 64-Bit Server VM (10.0.2+13-Ubuntu-1ubuntu0.18.04.4, mixed mode, tiered, compressed oops, g1 gc, linux-amd64)
Heap:
 garbage-first heap   total 126976K, used 34217K [0x0000000085600000, 0x0000000100000000)
  region size 1024K, 25 young (25600K), 3 survivors (3072K)
 Metaspace       used 51058K, capacity 51944K, committed 52352K, reserved 1095680K
  class space    used 5881K, capacity 6272K, committed 6272K, reserved 1048576K
GC Heap History (10 events):
Event: 1,211 GC heap before
{Heap before GC invocations=1 (full 0):
 garbage-first heap   total 126976K, used 10503K [0x0000000085600000, 0x0000000100000000)
  region size 1024K, 8 young (8192K), 2 survivors (2048K)
 Metaspace       used 17716K, capacity 18225K, committed 18432K, reserved 1064960K
  class space    used 1936K, capacity 2189K, committed 2304K, reserved 1048576K
}
Event: 1,220 GC heap after
{Heap after GC invocations=2 (full 0):
 garbage-first heap   total 126976K, used 5405K [0x0000000085600000, 0x0000000100000000)
  region size 1024K, 1 young (1024K), 1 survivors (1024K)
 Metaspace       used 17716K, capacity 18225K, committed 18432K, reserved 1064960K
  class space    used 1936K, capacity 2189K, committed 2304K, reserved 1048576K
}
Event: 2,191 GC heap before
{Heap before GC invocations=2 (full 0):
 garbage-first heap   total 126976K, used 28957K [0x0000000085600000, 0x0000000100000000)
  region size 1024K, 24 young (24576K), 1 survivors (1024K)
 Metaspace       used 18281K, capacity 18801K, committed 18944K, reserved 1067008K
  class space    used 1988K, capacity 2253K, committed 2304K, reserved 1048576K
}
Event: 2,203 GC heap after
{Heap after GC invocations=3 (full 0):
 garbage-first heap   total 126976K, used 5651K [0x0000000085600000, 0x0000000100000000)
  region size 1024K, 2 young (2048K), 2 survivors (2048K)
 Metaspace       used 18281K, capacity 18801K, committed 18944K, reserved 1067008K
  class space    used 1988K, capacity 2253K, committed 2304K, reserved 1048576K
}
Event: 8,804 GC heap before
{Heap before GC invocations=3 (full 0):
 garbage-first heap   total 126976K, used 22035K [0x0000000085600000, 0x0000000100000000)
  region size 1024K, 19 young (19456K), 2 survivors (2048K)
 Metaspace       used 20675K, capacity 21151K, committed 21248K, reserved 1069056K
  class space    used 2269K, capacity 2524K, committed 2560K, reserved 1048576K
}
Event: 8,807 GC heap after
{Heap after GC invocations=4 (full 0):
 garbage-first heap   total 126976K, used 6160K [0x0000000085600000, 0x0000000100000000)
  region size 1024K, 2 young (2048K), 2 survivors (2048K)
 Metaspace       used 20675K, capacity 21151K, committed 21248K, reserved 1069056K
  class space    used 2269K, capacity 2524K, committed 2560K, reserved 1048576K
}
Event: 9,643 GC heap before
{Heap before GC invocations=5 (full 0):
 garbage-first heap   total 126976K, used 42000K [0x0000000085600000, 0x0000000100000000)
  region size 1024K, 38 young (38912K), 2 survivors (2048K)
 Metaspace       used 34876K, capacity 35525K, committed 35840K, reserved 1081344K
  class space    used 4066K, capacity 4393K, committed 4480K, reserved 1048576K
}
Event: 9,650 GC heap after
{Heap after GC invocations=6 (full 0):
 garbage-first heap   total 126976K, used 9978K [0x0000000085600000, 0x0000000100000000)
  region size 1024K, 6 young (6144K), 6 survivors (6144K)
 Metaspace       used 34876K, capacity 35525K, committed 35840K, reserved 1081344K
  class space    used 4066K, capacity 4393K, committed 4480K, reserved 1048576K
}
Event: 10,757 GC heap before
{Heap before GC invocations=7 (full 0):
 garbage-first heap   total 126976K, used 61178K [0x0000000085600000, 0x0000000100000000)
  region size 1024K, 56 young (57344K), 6 survivors (6144K)
 Metaspace       used 46996K, capacity 47788K, committed 48512K, reserved 1091584K
  class space    used 5577K, capacity 5947K, committed 6016K, reserved 1048576K
}
Event: 10,769 GC heap after
{Heap after GC invocations=8 (full 0):
 garbage-first heap   total 126976K, used 12713K [0x0000000085600000, 0x0000000100000000)
  region size 1024K, 3 young (3072K), 3 survivors (3072K)
 Metaspace       used 46996K, capacity 47788K, committed 48512K, reserved 1091584K
  class space    used 5577K, capacity 5947K, committed 6016K, reserved 1048576K
}

