# JRE version: OpenJDK Runtime Environment (10.0.2+13) (build 10.0.2+13-Ubuntu-1ubuntu0.18.04.4)
# Java VM: OpenJDK 64-Bit Server VM (10.0.2+13-Ubuntu-1ubuntu0.18.04.4, mixed mode, tiered, compressed oops, g1 gc, linux-amd64)
Heap:
 garbage-first heap   total 126976K, used 19894K [0x0000000085600000, 0x0000000100000000)
  region size 1024K, 15 young (15360K), 7 survivors (7168K)
 Metaspace       used 48628K, capacity 49465K, committed 49920K, reserved 1093632K
  class space    used 5728K, capacity 6089K, committed 6144K, reserved 1048576K
GC Heap History (10 events):
Event: 1,772 GC heap before
{Heap before GC invocations=1 (full 0):
 garbage-first heap   total 126976K, used 14556K [0x0000000085600000, 0x0000000100000000)
  region size 1024K, 12 young (12288K), 2 survivors (2048K)
 Metaspace       used 18275K, capacity 18769K, committed 18944K, reserved 1067008K
  class space    used 1984K, capacity 2221K, committed 2304K, reserved 1048576K
}
Event: 1,798 GC heap after
{Heap after GC invocations=2 (full 0):
 garbage-first heap   total 126976K, used 5703K [0x0000000085600000, 0x0000000100000000)
  region size 1024K, 2 young (2048K), 2 survivors (2048K)
 Metaspace       used 18275K, capacity 18769K, committed 18944K, reserved 1067008K
  class space    used 1984K, capacity 2221K, committed 2304K, reserved 1048576K
}
Event: 1,847 GC heap before
{Heap before GC invocations=2 (full 0):
 garbage-first heap   total 126976K, used 31303K [0x0000000085600000, 0x0000000100000000)
  region size 1024K, 27 young (27648K), 2 survivors (2048K)
 Metaspace       used 18276K, capacity 18769K, committed 18944K, reserved 1067008K
  class space    used 1984K, capacity 2221K, committed 2304K, reserved 1048576K
}
Event: 1,863 GC heap after
{Heap after GC invocations=3 (full 0):
 garbage-first heap   total 126976K, used 5691K [0x0000000085600000, 0x0000000100000000)
  region size 1024K, 2 young (2048K), 2 survivors (2048K)
 Metaspace       used 18276K, capacity 18769K, committed 18944K, reserved 1067008K
  class space    used 1984K, capacity 2221K, committed 2304K, reserved 1048576K
}
Event: 5,912 GC heap before
{Heap before GC invocations=3 (full 0):
 garbage-first heap   total 126976K, used 16955K [0x0000000085600000, 0x0000000100000000)
  region size 1024K, 14 young (14336K), 2 survivors (2048K)
 Metaspace       used 20700K, capacity 21183K, committed 21248K, reserved 1069056K
  class space    used 2285K, capacity 2556K, committed 2560K, reserved 1048576K
}
Event: 5,914 GC heap after
{Heap after GC invocations=4 (full 0):
 garbage-first heap   total 126976K, used 6107K [0x0000000085600000, 0x0000000100000000)
  region size 1024K, 2 young (2048K), 2 survivors (2048K)
 Metaspace       used 20700K, capacity 21183K, committed 21248K, reserved 1069056K
  class space    used 2285K, capacity 2556K, committed 2560K, reserved 1048576K
}
Event: 6,705 GC heap before
{Heap before GC invocations=5 (full 0):
 garbage-first heap   total 126976K, used 42971K [0x0000000085600000, 0x0000000100000000)
  region size 1024K, 39 young (39936K), 2 survivors (2048K)
 Metaspace       used 34881K, capacity 35525K, committed 35840K, reserved 1081344K
  class space    used 4081K, capacity 4393K, committed 4480K, reserved 1048576K
}
Event: 6,712 GC heap after
{Heap after GC invocations=6 (full 0):
 garbage-first heap   total 126976K, used 9896K [0x0000000085600000, 0x0000000100000000)
  region size 1024K, 6 young (6144K), 6 survivors (6144K)
 Metaspace       used 34881K, capacity 35525K, committed 35840K, reserved 1081344K
  class space    used 4081K, capacity 4393K, committed 4480K, reserved 1048576K
}
Event: 7,871 GC heap before
{Heap before GC invocations=7 (full 0):
 garbage-first heap   total 126976K, used 62120K [0x0000000085600000, 0x0000000100000000)
  region size 1024K, 57 young (58368K), 6 survivors (6144K)
 Metaspace       used 47160K, capacity 47920K, committed 48512K, reserved 1091584K
  class space    used 5604K, capacity 5949K, committed 6016K, reserved 1048576K
}
Event: 7,881 GC heap after
{Heap after GC invocations=8 (full 0):
 garbage-first heap   total 126976K, used 12726K [0x0000000085600000, 0x0000000100000000)
  region size 1024K, 7 young (7168K), 7 survivors (7168K)
 Metaspace       used 47160K, capacity 47920K, committed 48512K, reserved 1091584K
  class space    used 5604K, capacity 5949K, committed 6016K, reserved 1048576K
}

