# JRE version: OpenJDK Runtime Environment (10.0.2+13) (build 10.0.2+13-Ubuntu-1ubuntu0.18.04.4)
# Java VM: OpenJDK 64-Bit Server VM (10.0.2+13-Ubuntu-1ubuntu0.18.04.4, mixed mode, tiered, compressed oops, g1 gc, linux-amd64)
Heap:
 garbage-first heap   total 126976K, used 25134K [0x0000000085600000, 0x0000000100000000)
  region size 1024K, 20 young (20480K), 7 survivors (7168K)
 Metaspace       used 48687K, capacity 49486K, committed 50048K, reserved 1093632K
  class space    used 5658K, capacity 6013K, committed 6016K, reserved 1048576K
GC Heap History (10 events):
Event: 2,231 GC heap before
{Heap before GC invocations=1 (full 0):
 garbage-first heap   total 126976K, used 15601K [0x0000000085600000, 0x0000000100000000)
  region size 1024K, 13 young (13312K), 2 survivors (2048K)
 Metaspace       used 18345K, capacity 18835K, committed 19200K, reserved 1067008K
  class space    used 1984K, capacity 2221K, committed 2304K, reserved 1048576K
}
Event: 2,253 GC heap after
{Heap after GC invocations=2 (full 0):
 garbage-first heap   total 126976K, used 5682K [0x0000000085600000, 0x0000000100000000)
  region size 1024K, 2 young (2048K), 2 survivors (2048K)
 Metaspace       used 18345K, capacity 18835K, committed 19200K, reserved 1067008K
  class space    used 1984K, capacity 2221K, committed 2304K, reserved 1048576K
}
Event: 2,293 GC heap before
{Heap before GC invocations=2 (full 0):
 garbage-first heap   total 126976K, used 33330K [0x0000000085600000, 0x0000000100000000)
  region size 1024K, 29 young (29696K), 2 survivors (2048K)
 Metaspace       used 18345K, capacity 18835K, committed 19200K, reserved 1067008K
  class space    used 1984K, capacity 2221K, committed 2304K, reserved 1048576K
}
Event: 2,299 GC heap after
{Heap after GC invocations=3 (full 0):
 garbage-first heap   total 126976K, used 5663K [0x0000000085600000, 0x0000000100000000)
  region size 1024K, 2 young (2048K), 2 survivors (2048K)
 Metaspace       used 18345K, capacity 18835K, committed 19200K, reserved 1067008K
  class space    used 1984K, capacity 2221K, committed 2304K, reserved 1048576K
}
Event: 6,448 GC heap before
{Heap before GC invocations=3 (full 0):
 garbage-first heap   total 126976K, used 13855K [0x0000000085600000, 0x0000000100000000)
  region size 1024K, 11 young (11264K), 2 survivors (2048K)
 Metaspace       used 20657K, capacity 21151K, committed 21248K, reserved 1069056K
  class space    used 2261K, capacity 2524K, committed 2560K, reserved 1048576K
}
Event: 6,450 GC heap after
{Heap after GC invocations=4 (full 0):
 garbage-first heap   total 126976K, used 6074K [0x0000000085600000, 0x0000000100000000)
  region size 1024K, 2 young (2048K), 2 survivors (2048K)
 Metaspace       used 20657K, capacity 21151K, committed 21248K, reserved 1069056K
  class space    used 2261K, capacity 2524K, committed 2560K, reserved 1048576K
}
Event: 7,246 GC heap before
{Heap before GC invocations=5 (full 0):
 garbage-first heap   total 126976K, used 41914K [0x0000000085600000, 0x0000000100000000)
  region size 1024K, 38 young (38912K), 2 survivors (2048K)
 Metaspace       used 34882K, capacity 35525K, committed 35840K, reserved 1081344K
  class space    used 4066K, capacity 4393K, committed 4480K, reserved 1048576K
}
Event: 7,252 GC heap after
{Heap after GC invocations=6 (full 0):
 garbage-first heap   total 126976K, used 9925K [0x0000000085600000, 0x0000000100000000)
  region size 1024K, 6 young (6144K), 6 survivors (6144K)
 Metaspace       used 34882K, capacity 35525K, committed 35840K, reserved 1081344K
  class space    used 4066K, capacity 4393K, committed 4480K, reserved 1048576K
}
Event: 8,812 GC heap before
{Heap before GC invocations=7 (full 0):
 garbage-first heap   total 126976K, used 62149K [0x0000000085600000, 0x0000000100000000)
  region size 1024K, 57 young (58368K), 6 survivors (6144K)
 Metaspace       used 47447K, capacity 48179K, committed 48768K, reserved 1091584K
  class space    used 5608K, capacity 5950K, committed 6016K, reserved 1048576K
}
Event: 8,841 GC heap after
{Heap after GC invocations=8 (full 0):
 garbage-first heap   total 126976K, used 12846K [0x0000000085600000, 0x0000000100000000)
  region size 1024K, 7 young (7168K), 7 survivors (7168K)
 Metaspace       used 47447K, capacity 48179K, committed 48768K, reserved 1091584K
  class space    used 5608K, capacity 5950K, committed 6016K, reserved 1048576K
}

