# JRE version: OpenJDK Runtime Environment (10.0.2+13) (build 10.0.2+13-Ubuntu-1ubuntu0.18.04.4)
# Java VM: OpenJDK 64-Bit Server VM (10.0.2+13-Ubuntu-1ubuntu0.18.04.4, mixed mode, tiered, compressed oops, g1 gc, linux-amd64)
Heap:
 garbage-first heap   total 126976K, used 21051K [0x0000000085600000, 0x0000000100000000)
  region size 1024K, 18 young (18432K), 2 survivors (2048K)
 Metaspace       used 19579K, capacity 20054K, committed 20224K, reserved 1067008K
  class space    used 2049K, capacity 2286K, committed 2304K, reserved 1048576K
GC Heap History (6 events):
Event: 0,721 GC heap before
{Heap before GC invocations=0 (full 0):
 garbage-first heap   total 126976K, used 15360K [0x0000000085600000, 0x0000000100000000)
  region size 1024K, 14 young (14336K), 0 survivors (0K)
 Metaspace       used 15191K, capacity 15603K, committed 15744K, reserved 1062912K
  class space    used 1683K, capacity 1911K, committed 1920K, reserved 1048576K
}
Event: 0,734 GC heap after
{Heap after GC invocations=1 (full 0):
 garbage-first heap   total 126976K, used 4506K [0x0000000085600000, 0x0000000100000000)
  region size 1024K, 2 young (2048K), 2 survivors (2048K)
 Metaspace       used 15191K, capacity 15603K, committed 15744K, reserved 1062912K
  class space    used 1683K, capacity 1911K, committed 1920K, reserved 1048576K
}
Event: 1,034 GC heap before
{Heap before GC invocations=1 (full 0):
 garbage-first heap   total 126976K, used 9626K [0x0000000085600000, 0x0000000100000000)
  region size 1024K, 7 young (7168K), 2 survivors (2048K)
 Metaspace       used 17685K, capacity 18225K, committed 18432K, reserved 1064960K
  class space    used 1933K, capacity 2189K, committed 2304K, reserved 1048576K
}
Event: 1,042 GC heap after
{Heap after GC invocations=2 (full 0):
 garbage-first heap   total 126976K, used 5259K [0x0000000085600000, 0x0000000100000000)
  region size 1024K, 1 young (1024K), 1 survivors (1024K)
 Metaspace       used 17685K, capacity 18225K, committed 18432K, reserved 1064960K
  class space    used 1933K, capacity 2189K, committed 2304K, reserved 1048576K
}
Event: 1,878 GC heap before
{Heap before GC invocations=2 (full 0):
 garbage-first heap   total 126976K, used 30859K [0x0000000085600000, 0x0000000100000000)
  region size 1024K, 26 young (26624K), 1 survivors (1024K)
 Metaspace       used 18275K, capacity 18769K, committed 18944K, reserved 1067008K
  class space    used 1985K, capacity 2221K, committed 2304K, reserved 1048576K
}
Event: 1,885 GC heap after
{Heap after GC invocations=3 (full 0):
 garbage-first heap   total 126976K, used 5691K [0x0000000085600000, 0x0000000100000000)
  region size 1024K, 2 young (2048K), 2 survivors (2048K)
 Metaspace       used 18275K, capacity 18769K, committed 18944K, reserved 1067008K
  class space    used 1985K, capacity 2221K, committed 2304K, reserved 1048576K
}

