# JRE version: OpenJDK Runtime Environment (10.0.2+13) (build 10.0.2+13-Ubuntu-1ubuntu0.18.04.4)
# Java VM: OpenJDK 64-Bit Server VM (10.0.2+13-Ubuntu-1ubuntu0.18.04.4, mixed mode, tiered, compressed oops, g1 gc, linux-amd64)
Heap:
 garbage-first heap   total 126976K, used 25079K [0x0000000085600000, 0x0000000100000000)
  region size 1024K, 16 young (16384K), 3 survivors (3072K)
 Metaspace       used 48774K, capacity 49563K, committed 50176K, reserved 1093632K
  class space    used 5703K, capacity 6075K, committed 6144K, reserved 1048576K
GC Heap History (10 events):
Event: 0,973 GC heap before
{Heap before GC invocations=1 (full 0):
 garbage-first heap   total 126976K, used 8493K [0x0000000085600000, 0x0000000100000000)
  region size 1024K, 6 young (6144K), 2 survivors (2048K)
 Metaspace       used 17601K, capacity 18155K, committed 18432K, reserved 1064960K
  class space    used 1931K, capacity 2188K, committed 2304K, reserved 1048576K
}
Event: 0,980 GC heap after
{Heap after GC invocations=2 (full 0):
 garbage-first heap   total 126976K, used 5251K [0x0000000085600000, 0x0000000100000000)
  region size 1024K, 1 young (1024K), 1 survivors (1024K)
 Metaspace       used 17601K, capacity 18155K, committed 18432K, reserved 1064960K
  class space    used 1931K, capacity 2188K, committed 2304K, reserved 1048576K
}
Event: 1,759 GC heap before
{Heap before GC invocations=2 (full 0):
 garbage-first heap   total 126976K, used 26755K [0x0000000085600000, 0x0000000100000000)
  region size 1024K, 22 young (22528K), 1 survivors (1024K)
 Metaspace       used 18279K, capacity 18769K, committed 18944K, reserved 1067008K
  class space    used 1985K, capacity 2221K, committed 2304K, reserved 1048576K
}
Event: 1,766 GC heap after
{Heap after GC invocations=3 (full 0):
 garbage-first heap   total 126976K, used 5790K [0x0000000085600000, 0x0000000100000000)
  region size 1024K, 2 young (2048K), 2 survivors (2048K)
 Metaspace       used 18279K, capacity 18769K, committed 18944K, reserved 1067008K
  class space    used 1985K, capacity 2221K, committed 2304K, reserved 1048576K
}
Event: 3,808 GC heap before
{Heap before GC invocations=3 (full 0):
 garbage-first heap   total 126976K, used 26270K [0x0000000085600000, 0x0000000100000000)
  region size 1024K, 23 young (23552K), 2 survivors (2048K)
 Metaspace       used 20667K, capacity 21183K, committed 21248K, reserved 1069056K
  class space    used 2279K, capacity 2556K, committed 2560K, reserved 1048576K
}
Event: 3,811 GC heap after
{Heap after GC invocations=4 (full 0):
 garbage-first heap   total 126976K, used 6243K [0x0000000085600000, 0x0000000100000000)
  region size 1024K, 2 young (2048K), 2 survivors (2048K)
 Metaspace       used 20667K, capacity 21183K, committed 21248K, reserved 1069056K
  class space    used 2279K, capacity 2556K, committed 2560K, reserved 1048576K
}
Event: 4,591 GC heap before
{Heap before GC invocations=5 (full 0):
 garbage-first heap   total 126976K, used 41059K [0x0000000085600000, 0x0000000100000000)
  region size 1024K, 37 young (37888K), 2 survivors (2048K)
 Metaspace       used 34828K, capacity 35525K, committed 35840K, reserved 1081344K
  class space    used 4076K, capacity 4393K, committed 4480K, reserved 1048576K
}
Event: 4,597 GC heap after
{Heap after GC invocations=6 (full 0):
 garbage-first heap   total 126976K, used 10005K [0x0000000085600000, 0x0000000100000000)
  region size 1024K, 6 young (6144K), 6 survivors (6144K)
 Metaspace       used 34828K, capacity 35525K, committed 35840K, reserved 1081344K
  class space    used 4076K, capacity 4393K, committed 4480K, reserved 1048576K
}
Event: 5,742 GC heap before
{Heap before GC invocations=7 (full 0):
 garbage-first heap   total 126976K, used 60181K [0x0000000085600000, 0x0000000100000000)
  region size 1024K, 55 young (56320K), 6 survivors (6144K)
 Metaspace       used 46571K, capacity 47340K, committed 47872K, reserved 1091584K
  class space    used 5544K, capacity 5883K, committed 5888K, reserved 1048576K
}
Event: 5,752 GC heap after
{Heap after GC invocations=8 (full 0):
 garbage-first heap   total 126976K, used 12791K [0x0000000085600000, 0x0000000100000000)
  region size 1024K, 3 young (3072K), 3 survivors (3072K)
 Metaspace       used 46571K, capacity 47340K, committed 47872K, reserved 1091584K
  class space    used 5544K, capacity 5883K, committed 5888K, reserved 1048576K
}

