# JRE version: OpenJDK Runtime Environment (10.0.2+13) (build 10.0.2+13-Ubuntu-1ubuntu0.18.04.4)
# Java VM: OpenJDK 64-Bit Server VM (10.0.2+13-Ubuntu-1ubuntu0.18.04.4, mixed mode, tiered, compressed oops, g1 gc, linux-amd64)
Heap:
 garbage-first heap   total 126976K, used 58894K [0x0000000085600000, 0x0000000100000000)
  region size 1024K, 53 young (54272K), 7 survivors (7168K)
 Metaspace       used 52166K, capacity 53102K, committed 53452K, reserved 1095680K
  class space    used 5968K, capacity 6345K, committed 6348K, reserved 1048576K
GC Heap History (10 events):
Event: 3,644 GC heap before
{Heap before GC invocations=1 (full 0):
 garbage-first heap   total 126976K, used 14749K [0x0000000085600000, 0x0000000100000000)
  region size 1024K, 12 young (12288K), 2 survivors (2048K)
 Metaspace       used 18332K, capacity 18835K, committed 19200K, reserved 1067008K
  class space    used 1984K, capacity 2221K, committed 2304K, reserved 1048576K
}
Event: 3,673 GC heap after
{Heap after GC invocations=2 (full 0):
 garbage-first heap   total 126976K, used 5607K [0x0000000085600000, 0x0000000100000000)
  region size 1024K, 2 young (2048K), 2 survivors (2048K)
 Metaspace       used 18332K, capacity 18835K, committed 19200K, reserved 1067008K
  class space    used 1984K, capacity 2221K, committed 2304K, reserved 1048576K
}
Event: 3,689 GC heap before
{Heap before GC invocations=2 (full 0):
 garbage-first heap   total 126976K, used 33255K [0x0000000085600000, 0x0000000100000000)
  region size 1024K, 29 young (29696K), 2 survivors (2048K)
 Metaspace       used 18332K, capacity 18835K, committed 19200K, reserved 1067008K
  class space    used 1984K, capacity 2221K, committed 2304K, reserved 1048576K
}
Event: 3,692 GC heap after
{Heap after GC invocations=3 (full 0):
 garbage-first heap   total 126976K, used 5628K [0x0000000085600000, 0x0000000100000000)
  region size 1024K, 2 young (2048K), 2 survivors (2048K)
 Metaspace       used 18332K, capacity 18835K, committed 19200K, reserved 1067008K
  class space    used 1984K, capacity 2221K, committed 2304K, reserved 1048576K
}
Event: 15,614 GC heap before
{Heap before GC invocations=3 (full 0):
 garbage-first heap   total 126976K, used 14844K [0x0000000085600000, 0x0000000100000000)
  region size 1024K, 12 young (12288K), 2 survivors (2048K)
 Metaspace       used 20678K, capacity 21151K, committed 21296K, reserved 1069056K
  class space    used 2148K, capacity 2396K, committed 2432K, reserved 1048576K
}
Event: 15,616 GC heap after
{Heap after GC invocations=4 (full 0):
 garbage-first heap   total 126976K, used 6242K [0x0000000085600000, 0x0000000100000000)
  region size 1024K, 2 young (2048K), 2 survivors (2048K)
 Metaspace       used 20678K, capacity 21151K, committed 21296K, reserved 1069056K
  class space    used 2148K, capacity 2396K, committed 2432K, reserved 1048576K
}
Event: 16,399 GC heap before
{Heap before GC invocations=5 (full 0):
 garbage-first heap   total 126976K, used 43106K [0x0000000085600000, 0x0000000100000000)
  region size 1024K, 39 young (39936K), 2 survivors (2048K)
 Metaspace       used 35131K, capacity 35776K, committed 36048K, reserved 1081344K
  class space    used 4044K, capacity 4391K, committed 4428K, reserved 1048576K
}
Event: 16,411 GC heap after
{Heap after GC invocations=6 (full 0):
 garbage-first heap   total 126976K, used 9853K [0x0000000085600000, 0x0000000100000000)
  region size 1024K, 6 young (6144K), 6 survivors (6144K)
 Metaspace       used 35131K, capacity 35776K, committed 36048K, reserved 1081344K
  class space    used 4044K, capacity 4391K, committed 4428K, reserved 1048576K
}
Event: 17,691 GC heap before
{Heap before GC invocations=7 (full 0):
 garbage-first heap   total 126976K, used 63101K [0x0000000085600000, 0x0000000100000000)
  region size 1024K, 58 young (59392K), 6 survivors (6144K)
 Metaspace       used 47992K, capacity 48788K, committed 49356K, reserved 1093632K
  class space    used 5637K, capacity 5994K, committed 6092K, reserved 1048576K
}
Event: 17,701 GC heap after
{Heap after GC invocations=8 (full 0):
 garbage-first heap   total 126976K, used 12814K [0x0000000085600000, 0x0000000100000000)
  region size 1024K, 7 young (7168K), 7 survivors (7168K)
 Metaspace       used 47992K, capacity 48788K, committed 49356K, reserved 1093632K
  class space    used 5637K, capacity 5994K, committed 6092K, reserved 1048576K
}

