# JRE version: OpenJDK Runtime Environment (10.0.2+13) (build 10.0.2+13-Ubuntu-1ubuntu0.18.04.4)
# Java VM: OpenJDK 64-Bit Server VM (10.0.2+13-Ubuntu-1ubuntu0.18.04.4, mixed mode, tiered, compressed oops, g1 gc, linux-amd64)
Heap:
 garbage-first heap   total 126976K, used 21936K [0x0000000085600000, 0x0000000100000000)
  region size 1024K, 13 young (13312K), 3 survivors (3072K)
 Metaspace       used 48879K, capacity 49681K, committed 50176K, reserved 1093632K
  class space    used 5726K, capacity 6093K, committed 6144K, reserved 1048576K
GC Heap History (10 events):
Event: 1,262 GC heap before
{Heap before GC invocations=1 (full 0):
 garbage-first heap   total 126976K, used 9489K [0x0000000085600000, 0x0000000100000000)
  region size 1024K, 7 young (7168K), 2 survivors (2048K)
 Metaspace       used 17758K, capacity 18289K, committed 18432K, reserved 1064960K
  class space    used 1936K, capacity 2189K, committed 2304K, reserved 1048576K
}
Event: 1,269 GC heap after
{Heap after GC invocations=2 (full 0):
 garbage-first heap   total 126976K, used 5385K [0x0000000085600000, 0x0000000100000000)
  region size 1024K, 1 young (1024K), 1 survivors (1024K)
 Metaspace       used 17758K, capacity 18289K, committed 18432K, reserved 1064960K
  class space    used 1936K, capacity 2189K, committed 2304K, reserved 1048576K
}
Event: 2,017 GC heap before
{Heap before GC invocations=2 (full 0):
 garbage-first heap   total 126976K, used 27913K [0x0000000085600000, 0x0000000100000000)
  region size 1024K, 23 young (23552K), 1 survivors (1024K)
 Metaspace       used 18327K, capacity 18835K, committed 19200K, reserved 1067008K
  class space    used 1984K, capacity 2221K, committed 2304K, reserved 1048576K
}
Event: 2,024 GC heap after
{Heap after GC invocations=3 (full 0):
 garbage-first heap   total 126976K, used 5738K [0x0000000085600000, 0x0000000100000000)
  region size 1024K, 2 young (2048K), 2 survivors (2048K)
 Metaspace       used 18327K, capacity 18835K, committed 19200K, reserved 1067008K
  class space    used 1984K, capacity 2221K, committed 2304K, reserved 1048576K
}
Event: 6,948 GC heap before
{Heap before GC invocations=3 (full 0):
 garbage-first heap   total 126976K, used 24170K [0x0000000085600000, 0x0000000100000000)
  region size 1024K, 21 young (21504K), 2 survivors (2048K)
 Metaspace       used 20628K, capacity 21151K, committed 21248K, reserved 1069056K
  class space    used 2244K, capacity 2524K, committed 2560K, reserved 1048576K
}
Event: 6,952 GC heap after
{Heap after GC invocations=4 (full 0):
 garbage-first heap   total 126976K, used 6165K [0x0000000085600000, 0x0000000100000000)
  region size 1024K, 2 young (2048K), 2 survivors (2048K)
 Metaspace       used 20628K, capacity 21151K, committed 21248K, reserved 1069056K
  class space    used 2244K, capacity 2524K, committed 2560K, reserved 1048576K
}
Event: 7,783 GC heap before
{Heap before GC invocations=5 (full 0):
 garbage-first heap   total 126976K, used 42005K [0x0000000085600000, 0x0000000100000000)
  region size 1024K, 38 young (38912K), 2 survivors (2048K)
 Metaspace       used 34813K, capacity 35520K, committed 35840K, reserved 1081344K
  class space    used 4054K, capacity 4391K, committed 4480K, reserved 1048576K
}
Event: 7,790 GC heap after
{Heap after GC invocations=6 (full 0):
 garbage-first heap   total 126976K, used 9994K [0x0000000085600000, 0x0000000100000000)
  region size 1024K, 6 young (6144K), 6 survivors (6144K)
 Metaspace       used 34813K, capacity 35520K, committed 35840K, reserved 1081344K
  class space    used 4054K, capacity 4391K, committed 4480K, reserved 1048576K
}
Event: 8,948 GC heap before
{Heap before GC invocations=7 (full 0):
 garbage-first heap   total 126976K, used 61194K [0x0000000085600000, 0x0000000100000000)
  region size 1024K, 56 young (57344K), 6 survivors (6144K)
 Metaspace       used 47059K, capacity 47852K, committed 48512K, reserved 1091584K
  class space    used 5579K, capacity 5947K, committed 6016K, reserved 1048576K
}
Event: 8,959 GC heap after
{Heap after GC invocations=8 (full 0):
 garbage-first heap   total 126976K, used 12720K [0x0000000085600000, 0x0000000100000000)
  region size 1024K, 3 young (3072K), 3 survivors (3072K)
 Metaspace       used 47059K, capacity 47852K, committed 48512K, reserved 1091584K
  class space    used 5579K, capacity 5947K, committed 6016K, reserved 1048576K
}

