# JRE version: OpenJDK Runtime Environment (10.0.2+13) (build 10.0.2+13-Ubuntu-1ubuntu0.18.04.4)
# Java VM: OpenJDK 64-Bit Server VM (10.0.2+13-Ubuntu-1ubuntu0.18.04.4, mixed mode, tiered, compressed oops, g1 gc, linux-amd64)
Heap:
 garbage-first heap   total 126976K, used 35480K [0x0000000085600000, 0x0000000100000000)
  region size 1024K, 33 young (33792K), 7 survivors (7168K)
 Metaspace       used 46177K, capacity 47009K, committed 47616K, reserved 1091584K
  class space    used 5470K, capacity 5815K, committed 5888K, reserved 1048576K
GC Heap History (6 events):
Event: 0,201 GC heap before
{Heap before GC invocations=0 (full 0):
 garbage-first heap   total 126976K, used 15360K [0x0000000085600000, 0x0000000100000000)
  region size 1024K, 14 young (14336K), 0 survivors (0K)
 Metaspace       used 7014K, capacity 7146K, committed 7296K, reserved 1056768K
  class space    used 580K, capacity 617K, committed 640K, reserved 1048576K
}
Event: 0,204 GC heap after
{Heap after GC invocations=1 (full 0):
 garbage-first heap   total 126976K, used 3072K [0x0000000085600000, 0x0000000100000000)
  region size 1024K, 2 young (2048K), 2 survivors (2048K)
 Metaspace       used 7014K, capacity 7146K, committed 7296K, reserved 1056768K
  class space    used 580K, capacity 617K, committed 640K, reserved 1048576K
}
Event: 1,143 GC heap before
{Heap before GC invocations=1 (full 0):
 garbage-first heap   total 126976K, used 58368K [0x0000000085600000, 0x0000000100000000)
  region size 1024K, 57 young (58368K), 2 survivors (2048K)
 Metaspace       used 20826K, capacity 21049K, committed 21248K, reserved 1069056K
  class space    used 2384K, capacity 2500K, committed 2560K, reserved 1048576K
}
Event: 1,153 GC heap after
{Heap after GC invocations=2 (full 0):
 garbage-first heap   total 126976K, used 6046K [0x0000000085600000, 0x0000000100000000)
  region size 1024K, 5 young (5120K), 5 survivors (5120K)
 Metaspace       used 20826K, capacity 21049K, committed 21248K, reserved 1069056K
  class space    used 2384K, capacity 2500K, committed 2560K, reserved 1048576K
}
Event: 2,526 GC heap before
{Heap before GC invocations=3 (full 0):
 garbage-first heap   total 126976K, used 62366K [0x0000000085600000, 0x0000000100000000)
  region size 1024K, 61 young (62464K), 5 survivors (5120K)
 Metaspace       used 34970K, capacity 35408K, committed 35840K, reserved 1081344K
  class space    used 4130K, capacity 4298K, committed 4352K, reserved 1048576K
}
Event: 2,536 GC heap after
{Heap after GC invocations=4 (full 0):
 garbage-first heap   total 126976K, used 9880K [0x0000000085600000, 0x0000000100000000)
  region size 1024K, 7 young (7168K), 7 survivors (7168K)
 Metaspace       used 34970K, capacity 35408K, committed 35840K, reserved 1081344K
  class space    used 4130K, capacity 4298K, committed 4352K, reserved 1048576K
}

