# JRE version: OpenJDK Runtime Environment (10.0.2+13) (build 10.0.2+13-Ubuntu-1ubuntu0.18.04.4)
# Java VM: OpenJDK 64-Bit Server VM (10.0.2+13-Ubuntu-1ubuntu0.18.04.4, mixed mode, tiered, compressed oops, g1 gc, linux-amd64)
Heap:
 garbage-first heap   total 126976K, used 19678K [0x0000000085600000, 0x0000000100000000)
  region size 1024K, 11 young (11264K), 3 survivors (3072K)
 Metaspace       used 48729K, capacity 49532K, committed 49920K, reserved 1093632K
  class space    used 5739K, capacity 6090K, committed 6144K, reserved 1048576K
GC Heap History (10 events):
Event: 1,055 GC heap before
{Heap before GC invocations=1 (full 0):
 garbage-first heap   total 126976K, used 9429K [0x0000000085600000, 0x0000000100000000)
  region size 1024K, 7 young (7168K), 2 survivors (2048K)
 Metaspace       used 17676K, capacity 18225K, committed 18432K, reserved 1064960K
  class space    used 1936K, capacity 2189K, committed 2304K, reserved 1048576K
}
Event: 1,062 GC heap after
{Heap after GC invocations=2 (full 0):
 garbage-first heap   total 126976K, used 5307K [0x0000000085600000, 0x0000000100000000)
  region size 1024K, 1 young (1024K), 1 survivors (1024K)
 Metaspace       used 17676K, capacity 18225K, committed 18432K, reserved 1064960K
  class space    used 1936K, capacity 2189K, committed 2304K, reserved 1048576K
}
Event: 2,170 GC heap before
{Heap before GC invocations=2 (full 0):
 garbage-first heap   total 126976K, used 27835K [0x0000000085600000, 0x0000000100000000)
  region size 1024K, 23 young (23552K), 1 survivors (1024K)
 Metaspace       used 18326K, capacity 18867K, committed 19200K, reserved 1067008K
  class space    used 1995K, capacity 2253K, committed 2304K, reserved 1048576K
}
Event: 2,174 GC heap after
{Heap after GC invocations=3 (full 0):
 garbage-first heap   total 126976K, used 5668K [0x0000000085600000, 0x0000000100000000)
  region size 1024K, 2 young (2048K), 2 survivors (2048K)
 Metaspace       used 18326K, capacity 18867K, committed 19200K, reserved 1067008K
  class space    used 1995K, capacity 2253K, committed 2304K, reserved 1048576K
}
Event: 5,708 GC heap before
{Heap before GC invocations=3 (full 0):
 garbage-first heap   total 126976K, used 24100K [0x0000000085600000, 0x0000000100000000)
  region size 1024K, 21 young (21504K), 2 survivors (2048K)
 Metaspace       used 20646K, capacity 21151K, committed 21248K, reserved 1069056K
  class space    used 2275K, capacity 2524K, committed 2560K, reserved 1048576K
}
Event: 5,712 GC heap after
{Heap after GC invocations=4 (full 0):
 garbage-first heap   total 126976K, used 6107K [0x0000000085600000, 0x0000000100000000)
  region size 1024K, 2 young (2048K), 2 survivors (2048K)
 Metaspace       used 20646K, capacity 21151K, committed 21248K, reserved 1069056K
  class space    used 2275K, capacity 2524K, committed 2560K, reserved 1048576K
}
Event: 6,591 GC heap before
{Heap before GC invocations=5 (full 0):
 garbage-first heap   total 126976K, used 41947K [0x0000000085600000, 0x0000000100000000)
  region size 1024K, 38 young (38912K), 2 survivors (2048K)
 Metaspace       used 34898K, capacity 35525K, committed 35840K, reserved 1081344K
  class space    used 4082K, capacity 4393K, committed 4480K, reserved 1048576K
}
Event: 6,598 GC heap after
{Heap after GC invocations=6 (full 0):
 garbage-first heap   total 126976K, used 9897K [0x0000000085600000, 0x0000000100000000)
  region size 1024K, 6 young (6144K), 6 survivors (6144K)
 Metaspace       used 34898K, capacity 35525K, committed 35840K, reserved 1081344K
  class space    used 4082K, capacity 4393K, committed 4480K, reserved 1048576K
}
Event: 7,796 GC heap before
{Heap before GC invocations=7 (full 0):
 garbage-first heap   total 126976K, used 60073K [0x0000000085600000, 0x0000000100000000)
  region size 1024K, 55 young (56320K), 6 survivors (6144K)
 Metaspace       used 46723K, capacity 47500K, committed 48256K, reserved 1091584K
  class space    used 5562K, capacity 5915K, committed 6016K, reserved 1048576K
}
Event: 7,809 GC heap after
{Heap after GC invocations=8 (full 0):
 garbage-first heap   total 126976K, used 12510K [0x0000000085600000, 0x0000000100000000)
  region size 1024K, 3 young (3072K), 3 survivors (3072K)
 Metaspace       used 46723K, capacity 47500K, committed 48256K, reserved 1091584K
  class space    used 5562K, capacity 5915K, committed 6016K, reserved 1048576K
}

