# JRE version: OpenJDK Runtime Environment (10.0.2+13) (build 10.0.2+13-Ubuntu-1ubuntu0.18.04.4)
# Java VM: OpenJDK 64-Bit Server VM (10.0.2+13-Ubuntu-1ubuntu0.18.04.4, mixed mode, tiered, compressed oops, g1 gc, linux-amd64)
Heap:
 garbage-first heap   total 126976K, used 37243K [0x0000000085600000, 0x0000000100000000)
  region size 1024K, 28 young (28672K), 3 survivors (3072K)
 Metaspace       used 50884K, capacity 51821K, committed 52096K, reserved 1095680K
  class space    used 5887K, capacity 6266K, committed 6272K, reserved 1048576K
GC Heap History (10 events):
Event: 1,169 GC heap before
{Heap before GC invocations=1 (full 0):
 garbage-first heap   total 126976K, used 9653K [0x0000000085600000, 0x0000000100000000)
  region size 1024K, 7 young (7168K), 2 survivors (2048K)
 Metaspace       used 17717K, capacity 18225K, committed 18432K, reserved 1064960K
  class space    used 1933K, capacity 2189K, committed 2304K, reserved 1048576K
}
Event: 1,176 GC heap after
{Heap after GC invocations=2 (full 0):
 garbage-first heap   total 126976K, used 5290K [0x0000000085600000, 0x0000000100000000)
  region size 1024K, 1 young (1024K), 1 survivors (1024K)
 Metaspace       used 17717K, capacity 18225K, committed 18432K, reserved 1064960K
  class space    used 1933K, capacity 2189K, committed 2304K, reserved 1048576K
}
Event: 2,109 GC heap before
{Heap before GC invocations=2 (full 0):
 garbage-first heap   total 126976K, used 31914K [0x0000000085600000, 0x0000000100000000)
  region size 1024K, 27 young (27648K), 1 survivors (1024K)
 Metaspace       used 18316K, capacity 18835K, committed 19200K, reserved 1067008K
  class space    used 1984K, capacity 2221K, committed 2304K, reserved 1048576K
}
Event: 2,120 GC heap after
{Heap after GC invocations=3 (full 0):
 garbage-first heap   total 126976K, used 5632K [0x0000000085600000, 0x0000000100000000)
  region size 1024K, 2 young (2048K), 2 survivors (2048K)
 Metaspace       used 18316K, capacity 18835K, committed 19200K, reserved 1067008K
  class space    used 1984K, capacity 2221K, committed 2304K, reserved 1048576K
}
Event: 6,884 GC heap before
{Heap before GC invocations=3 (full 0):
 garbage-first heap   total 126976K, used 19968K [0x0000000085600000, 0x0000000100000000)
  region size 1024K, 17 young (17408K), 2 survivors (2048K)
 Metaspace       used 20585K, capacity 21119K, committed 21248K, reserved 1069056K
  class space    used 2212K, capacity 2492K, committed 2560K, reserved 1048576K
}
Event: 6,888 GC heap after
{Heap after GC invocations=4 (full 0):
 garbage-first heap   total 126976K, used 6125K [0x0000000085600000, 0x0000000100000000)
  region size 1024K, 2 young (2048K), 2 survivors (2048K)
 Metaspace       used 20585K, capacity 21119K, committed 21248K, reserved 1069056K
  class space    used 2212K, capacity 2492K, committed 2560K, reserved 1048576K
}
Event: 7,733 GC heap before
{Heap before GC invocations=5 (full 0):
 garbage-first heap   total 126976K, used 42989K [0x0000000085600000, 0x0000000100000000)
  region size 1024K, 39 young (39936K), 2 survivors (2048K)
 Metaspace       used 34792K, capacity 35520K, committed 35840K, reserved 1081344K
  class space    used 4046K, capacity 4391K, committed 4480K, reserved 1048576K
}
Event: 7,741 GC heap after
{Heap after GC invocations=6 (full 0):
 garbage-first heap   total 126976K, used 9945K [0x0000000085600000, 0x0000000100000000)
  region size 1024K, 6 young (6144K), 6 survivors (6144K)
 Metaspace       used 34792K, capacity 35520K, committed 35840K, reserved 1081344K
  class space    used 4046K, capacity 4391K, committed 4480K, reserved 1048576K
}
Event: 8,875 GC heap before
{Heap before GC invocations=7 (full 0):
 garbage-first heap   total 126976K, used 61145K [0x0000000085600000, 0x0000000100000000)
  region size 1024K, 56 young (57344K), 6 survivors (6144K)
 Metaspace       used 46976K, capacity 47756K, committed 48256K, reserved 1091584K
  class space    used 5572K, capacity 5915K, committed 6016K, reserved 1048576K
}
Event: 8,888 GC heap after
{Heap after GC invocations=8 (full 0):
 garbage-first heap   total 126976K, used 12667K [0x0000000085600000, 0x0000000100000000)
  region size 1024K, 3 young (3072K), 3 survivors (3072K)
 Metaspace       used 46976K, capacity 47756K, committed 48256K, reserved 1091584K
  class space    used 5572K, capacity 5915K, committed 6016K, reserved 1048576K
}

