# JRE version: OpenJDK Runtime Environment (10.0.2+13) (build 10.0.2+13-Ubuntu-1ubuntu0.18.04.4)
# Java VM: OpenJDK 64-Bit Server VM (10.0.2+13-Ubuntu-1ubuntu0.18.04.4, mixed mode, tiered, compressed oops, g1 gc, linux-amd64)
Heap:
 garbage-first heap   total 126976K, used 63763K [0x0000000085600000, 0x0000000100000000)
  region size 1024K, 58 young (59392K), 7 survivors (7168K)
 Metaspace       used 52697K, capacity 53659K, committed 54016K, reserved 1097728K
  class space    used 5984K, capacity 6390K, committed 6400K, reserved 1048576K
GC Heap History (10 events):
Event: 1,728 GC heap before
{Heap before GC invocations=1 (full 0):
 garbage-first heap   total 126976K, used 11696K [0x0000000085600000, 0x0000000100000000)
  region size 1024K, 9 young (9216K), 2 survivors (2048K)
 Metaspace       used 18268K, capacity 18769K, committed 18944K, reserved 1067008K
  class space    used 1984K, capacity 2221K, committed 2304K, reserved 1048576K
}
Event: 1,735 GC heap after
{Heap after GC invocations=2 (full 0):
 garbage-first heap   total 126976K, used 5673K [0x0000000085600000, 0x0000000100000000)
  region size 1024K, 2 young (2048K), 2 survivors (2048K)
 Metaspace       used 18268K, capacity 18769K, committed 18944K, reserved 1067008K
  class space    used 1984K, capacity 2221K, committed 2304K, reserved 1048576K
}
Event: 1,748 GC heap before
{Heap before GC invocations=2 (full 0):
 garbage-first heap   total 126976K, used 34345K [0x0000000085600000, 0x0000000100000000)
  region size 1024K, 30 young (30720K), 2 survivors (2048K)
 Metaspace       used 18270K, capacity 18769K, committed 18944K, reserved 1067008K
  class space    used 1984K, capacity 2221K, committed 2304K, reserved 1048576K
}
Event: 1,754 GC heap after
{Heap after GC invocations=3 (full 0):
 garbage-first heap   total 126976K, used 5764K [0x0000000085600000, 0x0000000100000000)
  region size 1024K, 2 young (2048K), 2 survivors (2048K)
 Metaspace       used 18270K, capacity 18769K, committed 18944K, reserved 1067008K
  class space    used 1984K, capacity 2221K, committed 2304K, reserved 1048576K
}
Event: 5,437 GC heap before
{Heap before GC invocations=3 (full 0):
 garbage-first heap   total 126976K, used 17028K [0x0000000085600000, 0x0000000100000000)
  region size 1024K, 14 young (14336K), 2 survivors (2048K)
 Metaspace       used 20699K, capacity 21183K, committed 21248K, reserved 1069056K
  class space    used 2269K, capacity 2556K, committed 2560K, reserved 1048576K
}
Event: 5,440 GC heap after
{Heap after GC invocations=4 (full 0):
 garbage-first heap   total 126976K, used 6175K [0x0000000085600000, 0x0000000100000000)
  region size 1024K, 2 young (2048K), 2 survivors (2048K)
 Metaspace       used 20699K, capacity 21183K, committed 21248K, reserved 1069056K
  class space    used 2269K, capacity 2556K, committed 2560K, reserved 1048576K
}
Event: 6,223 GC heap before
{Heap before GC invocations=5 (full 0):
 garbage-first heap   total 126976K, used 43039K [0x0000000085600000, 0x0000000100000000)
  region size 1024K, 39 young (39936K), 2 survivors (2048K)
 Metaspace       used 34854K, capacity 35523K, committed 35840K, reserved 1081344K
  class space    used 4062K, capacity 4392K, committed 4480K, reserved 1048576K
}
Event: 6,231 GC heap after
{Heap after GC invocations=6 (full 0):
 garbage-first heap   total 126976K, used 9910K [0x0000000085600000, 0x0000000100000000)
  region size 1024K, 6 young (6144K), 6 survivors (6144K)
 Metaspace       used 34854K, capacity 35523K, committed 35840K, reserved 1081344K
  class space    used 4062K, capacity 4392K, committed 4480K, reserved 1048576K
}
Event: 9,296 GC heap before
{Heap before GC invocations=7 (full 0):
 garbage-first heap   total 126976K, used 62134K [0x0000000085600000, 0x0000000100000000)
  region size 1024K, 57 young (58368K), 6 survivors (6144K)
 Metaspace       used 47532K, capacity 48307K, committed 49024K, reserved 1091584K
  class space    used 5608K, capacity 5950K, committed 6016K, reserved 1048576K
}
Event: 9,328 GC heap after
{Heap after GC invocations=8 (full 0):
 garbage-first heap   total 126976K, used 12563K [0x0000000085600000, 0x0000000100000000)
  region size 1024K, 7 young (7168K), 7 survivors (7168K)
 Metaspace       used 47532K, capacity 48307K, committed 49024K, reserved 1091584K
  class space    used 5608K, capacity 5950K, committed 6016K, reserved 1048576K
}

