# JRE version: OpenJDK Runtime Environment (10.0.2+13) (build 10.0.2+13-Ubuntu-1ubuntu0.18.04.4)
# Java VM: OpenJDK 64-Bit Server VM (10.0.2+13-Ubuntu-1ubuntu0.18.04.4, mixed mode, tiered, compressed oops, g1 gc, linux-amd64)
Heap:
 garbage-first heap   total 126976K, used 27878K [0x0000000085600000, 0x0000000100000000)
  region size 1024K, 23 young (23552K), 7 survivors (7168K)
 Metaspace       used 49357K, capacity 50177K, committed 50688K, reserved 1093632K
  class space    used 5756K, capacity 6133K, committed 6144K, reserved 1048576K
GC Heap History (10 events):
Event: 0,962 GC heap before
{Heap before GC invocations=1 (full 0):
 garbage-first heap   total 126976K, used 8402K [0x0000000085600000, 0x0000000100000000)
  region size 1024K, 6 young (6144K), 2 survivors (2048K)
 Metaspace       used 17636K, capacity 18155K, committed 18432K, reserved 1064960K
  class space    used 1934K, capacity 2188K, committed 2304K, reserved 1048576K
}
Event: 0,968 GC heap after
{Heap after GC invocations=2 (full 0):
 garbage-first heap   total 126976K, used 5030K [0x0000000085600000, 0x0000000100000000)
  region size 1024K, 1 young (1024K), 1 survivors (1024K)
 Metaspace       used 17636K, capacity 18155K, committed 18432K, reserved 1064960K
  class space    used 1934K, capacity 2188K, committed 2304K, reserved 1048576K
}
Event: 1,910 GC heap before
{Heap before GC invocations=2 (full 0):
 garbage-first heap   total 126976K, used 27558K [0x0000000085600000, 0x0000000100000000)
  region size 1024K, 23 young (23552K), 1 survivors (1024K)
 Metaspace       used 18310K, capacity 18867K, committed 19200K, reserved 1067008K
  class space    used 1988K, capacity 2253K, committed 2304K, reserved 1048576K
}
Event: 1,921 GC heap after
{Heap after GC invocations=3 (full 0):
 garbage-first heap   total 126976K, used 5637K [0x0000000085600000, 0x0000000100000000)
  region size 1024K, 2 young (2048K), 2 survivors (2048K)
 Metaspace       used 18310K, capacity 18867K, committed 19200K, reserved 1067008K
  class space    used 1988K, capacity 2253K, committed 2304K, reserved 1048576K
}
Event: 25,039 GC heap before
{Heap before GC invocations=3 (full 0):
 garbage-first heap   total 126976K, used 26117K [0x0000000085600000, 0x0000000100000000)
  region size 1024K, 23 young (23552K), 2 survivors (2048K)
 Metaspace       used 20665K, capacity 21168K, committed 21296K, reserved 1069056K
  class space    used 2150K, capacity 2423K, committed 2432K, reserved 1048576K
}
Event: 25,043 GC heap after
{Heap after GC invocations=4 (full 0):
 garbage-first heap   total 126976K, used 6147K [0x0000000085600000, 0x0000000100000000)
  region size 1024K, 2 young (2048K), 2 survivors (2048K)
 Metaspace       used 20665K, capacity 21168K, committed 21296K, reserved 1069056K
  class space    used 2150K, capacity 2423K, committed 2432K, reserved 1048576K
}
Event: 25,822 GC heap before
{Heap before GC invocations=5 (full 0):
 garbage-first heap   total 126976K, used 41987K [0x0000000085600000, 0x0000000100000000)
  region size 1024K, 38 young (38912K), 2 survivors (2048K)
 Metaspace       used 34940K, capacity 35665K, committed 35920K, reserved 1081344K
  class space    used 4018K, capacity 4333K, committed 4352K, reserved 1048576K
}
Event: 25,828 GC heap after
{Heap after GC invocations=6 (full 0):
 garbage-first heap   total 126976K, used 8984K [0x0000000085600000, 0x0000000100000000)
  region size 1024K, 5 young (5120K), 5 survivors (5120K)
 Metaspace       used 34940K, capacity 35665K, committed 35920K, reserved 1081344K
  class space    used 4018K, capacity 4333K, committed 4352K, reserved 1048576K
}
Event: 27,024 GC heap before
{Heap before GC invocations=7 (full 0):
 garbage-first heap   total 126976K, used 60184K [0x0000000085600000, 0x0000000100000000)
  region size 1024K, 55 young (56320K), 5 survivors (5120K)
 Metaspace       used 47129K, capacity 47908K, committed 48512K, reserved 1091584K
  class space    used 5556K, capacity 5924K, committed 6016K, reserved 1048576K
}
Event: 27,033 GC heap after
{Heap after GC invocations=8 (full 0):
 garbage-first heap   total 126976K, used 12518K [0x0000000085600000, 0x0000000100000000)
  region size 1024K, 7 young (7168K), 7 survivors (7168K)
 Metaspace       used 47129K, capacity 47908K, committed 48512K, reserved 1091584K
  class space    used 5556K, capacity 5924K, committed 6016K, reserved 1048576K
}

