# JRE version: OpenJDK Runtime Environment (10.0.2+13) (build 10.0.2+13-Ubuntu-1ubuntu0.18.04.4)
# Java VM: OpenJDK 64-Bit Server VM (10.0.2+13-Ubuntu-1ubuntu0.18.04.4, mixed mode, tiered, compressed oops, g1 gc, linux-amd64)
Heap:
 garbage-first heap   total 126976K, used 50413K [0x0000000085600000, 0x0000000100000000)
  region size 1024K, 45 young (46080K), 7 survivors (7168K)
 Metaspace       used 51512K, capacity 52535K, committed 52992K, reserved 1095680K
  class space    used 5890K, capacity 6314K, committed 6400K, reserved 1048576K
GC Heap History (10 events):
Event: 2,348 GC heap before
{Heap before GC invocations=1 (full 0):
 garbage-first heap   total 126976K, used 16639K [0x0000000085600000, 0x0000000100000000)
  region size 1024K, 14 young (14336K), 2 survivors (2048K)
 Metaspace       used 18301K, capacity 18835K, committed 19200K, reserved 1067008K
  class space    used 1984K, capacity 2221K, committed 2304K, reserved 1048576K
}
Event: 2,370 GC heap after
{Heap after GC invocations=2 (full 0):
 garbage-first heap   total 126976K, used 5705K [0x0000000085600000, 0x0000000100000000)
  region size 1024K, 2 young (2048K), 2 survivors (2048K)
 Metaspace       used 18301K, capacity 18835K, committed 19200K, reserved 1067008K
  class space    used 1984K, capacity 2221K, committed 2304K, reserved 1048576K
}
Event: 2,424 GC heap before
{Heap before GC invocations=2 (full 0):
 garbage-first heap   total 126976K, used 34377K [0x0000000085600000, 0x0000000100000000)
  region size 1024K, 30 young (30720K), 2 survivors (2048K)
 Metaspace       used 18302K, capacity 18835K, committed 19200K, reserved 1067008K
  class space    used 1984K, capacity 2221K, committed 2304K, reserved 1048576K
}
Event: 2,433 GC heap after
{Heap after GC invocations=3 (full 0):
 garbage-first heap   total 126976K, used 5700K [0x0000000085600000, 0x0000000100000000)
  region size 1024K, 2 young (2048K), 2 survivors (2048K)
 Metaspace       used 18302K, capacity 18835K, committed 19200K, reserved 1067008K
  class space    used 1984K, capacity 2221K, committed 2304K, reserved 1048576K
}
Event: 11,525 GC heap before
{Heap before GC invocations=3 (full 0):
 garbage-first heap   total 126976K, used 10820K [0x0000000085600000, 0x0000000100000000)
  region size 1024K, 8 young (8192K), 2 survivors (2048K)
 Metaspace       used 20589K, capacity 21118K, committed 21248K, reserved 1069056K
  class space    used 2175K, capacity 2470K, committed 2560K, reserved 1048576K
}
Event: 11,527 GC heap after
{Heap after GC invocations=4 (full 0):
 garbage-first heap   total 126976K, used 6202K [0x0000000085600000, 0x0000000100000000)
  region size 1024K, 2 young (2048K), 2 survivors (2048K)
 Metaspace       used 20589K, capacity 21118K, committed 21248K, reserved 1069056K
  class space    used 2175K, capacity 2470K, committed 2560K, reserved 1048576K
}
Event: 12,291 GC heap before
{Heap before GC invocations=5 (full 0):
 garbage-first heap   total 126976K, used 42042K [0x0000000085600000, 0x0000000100000000)
  region size 1024K, 38 young (38912K), 2 survivors (2048K)
 Metaspace       used 34786K, capacity 35494K, committed 35840K, reserved 1081344K
  class space    used 4039K, capacity 4402K, committed 4480K, reserved 1048576K
}
Event: 12,300 GC heap after
{Heap after GC invocations=6 (full 0):
 garbage-first heap   total 126976K, used 9034K [0x0000000085600000, 0x0000000100000000)
  region size 1024K, 5 young (5120K), 5 survivors (5120K)
 Metaspace       used 34786K, capacity 35494K, committed 35840K, reserved 1081344K
  class space    used 4039K, capacity 4402K, committed 4480K, reserved 1048576K
}
Event: 13,502 GC heap before
{Heap before GC invocations=7 (full 0):
 garbage-first heap   total 126976K, used 61258K [0x0000000085600000, 0x0000000100000000)
  region size 1024K, 56 young (57344K), 5 survivors (5120K)
 Metaspace       used 47146K, capacity 47922K, committed 48512K, reserved 1091584K
  class space    used 5585K, capacity 5926K, committed 6016K, reserved 1048576K
}
Event: 13,511 GC heap after
{Heap after GC invocations=8 (full 0):
 garbage-first heap   total 126976K, used 12525K [0x0000000085600000, 0x0000000100000000)
  region size 1024K, 7 young (7168K), 7 survivors (7168K)
 Metaspace       used 47146K, capacity 47922K, committed 48512K, reserved 1091584K
  class space    used 5585K, capacity 5926K, committed 6016K, reserved 1048576K
}

