# JRE version: OpenJDK Runtime Environment (10.0.2+13) (build 10.0.2+13-Ubuntu-1ubuntu0.18.04.4)
# Java VM: OpenJDK 64-Bit Server VM (10.0.2+13-Ubuntu-1ubuntu0.18.04.4, mixed mode, tiered, compressed oops, g1 gc, linux-amd64)
Heap:
 garbage-first heap   total 126976K, used 32364K [0x0000000085600000, 0x0000000100000000)
  region size 1024K, 30 young (30720K), 7 survivors (7168K)
 Metaspace       used 45040K, capacity 45900K, committed 46464K, reserved 1089536K
  class space    used 5375K, capacity 5746K, committed 5760K, reserved 1048576K
GC Heap History (6 events):
Event: 0,435 GC heap before
{Heap before GC invocations=0 (full 0):
 garbage-first heap   total 126976K, used 15360K [0x0000000085600000, 0x0000000100000000)
  region size 1024K, 14 young (14336K), 0 survivors (0K)
 Metaspace       used 7016K, capacity 7138K, committed 7296K, reserved 1056768K
  class space    used 580K, capacity 617K, committed 640K, reserved 1048576K
}
Event: 0,440 GC heap after
{Heap after GC invocations=1 (full 0):
 garbage-first heap   total 126976K, used 3072K [0x0000000085600000, 0x0000000100000000)
  region size 1024K, 2 young (2048K), 2 survivors (2048K)
 Metaspace       used 7016K, capacity 7138K, committed 7296K, reserved 1056768K
  class space    used 580K, capacity 617K, committed 640K, reserved 1048576K
}
Event: 1,248 GC heap before
{Heap before GC invocations=1 (full 0):
 garbage-first heap   total 126976K, used 58368K [0x0000000085600000, 0x0000000100000000)
  region size 1024K, 57 young (58368K), 2 survivors (2048K)
 Metaspace       used 20763K, capacity 21009K, committed 21248K, reserved 1069056K
  class space    used 2374K, capacity 2468K, committed 2560K, reserved 1048576K
}
Event: 1,258 GC heap after
{Heap after GC invocations=2 (full 0):
 garbage-first heap   total 126976K, used 6040K [0x0000000085600000, 0x0000000100000000)
  region size 1024K, 5 young (5120K), 5 survivors (5120K)
 Metaspace       used 20763K, capacity 21009K, committed 21248K, reserved 1069056K
  class space    used 2374K, capacity 2468K, committed 2560K, reserved 1048576K
}
Event: 2,539 GC heap before
{Heap before GC invocations=3 (full 0):
 garbage-first heap   total 126976K, used 61336K [0x0000000085600000, 0x0000000100000000)
  region size 1024K, 60 young (61440K), 5 survivors (5120K)
 Metaspace       used 34924K, capacity 35390K, committed 35840K, reserved 1081344K
  class space    used 4122K, capacity 4294K, committed 4352K, reserved 1048576K
}
Event: 2,555 GC heap after
{Heap after GC invocations=4 (full 0):
 garbage-first heap   total 126976K, used 9836K [0x0000000085600000, 0x0000000100000000)
  region size 1024K, 7 young (7168K), 7 survivors (7168K)
 Metaspace       used 34924K, capacity 35390K, committed 35840K, reserved 1081344K
  class space    used 4122K, capacity 4294K, committed 4352K, reserved 1048576K
}

