# JRE version: OpenJDK Runtime Environment (10.0.2+13) (build 10.0.2+13-Ubuntu-1ubuntu0.18.04.4)
# Java VM: OpenJDK 64-Bit Server VM (10.0.2+13-Ubuntu-1ubuntu0.18.04.4, mixed mode, tiered, compressed oops, g1 gc, linux-amd64)
Heap:
 garbage-first heap   total 126976K, used 33180K [0x0000000085600000, 0x0000000100000000)
  region size 1024K, 24 young (24576K), 3 survivors (3072K)
 Metaspace       used 50603K, capacity 51517K, committed 52096K, reserved 1095680K
  class space    used 5858K, capacity 6254K, committed 6272K, reserved 1048576K
GC Heap History (10 events):
Event: 1,934 GC heap before
{Heap before GC invocations=1 (full 0):
 garbage-first heap   total 126976K, used 16606K [0x0000000085600000, 0x0000000100000000)
  region size 1024K, 14 young (14336K), 2 survivors (2048K)
 Metaspace       used 18244K, capacity 18803K, committed 18944K, reserved 1067008K
  class space    used 1988K, capacity 2253K, committed 2304K, reserved 1048576K
}
Event: 1,955 GC heap after
{Heap after GC invocations=2 (full 0):
 garbage-first heap   total 126976K, used 5724K [0x0000000085600000, 0x0000000100000000)
  region size 1024K, 2 young (2048K), 2 survivors (2048K)
 Metaspace       used 18244K, capacity 18803K, committed 18944K, reserved 1067008K
  class space    used 1988K, capacity 2253K, committed 2304K, reserved 1048576K
}
Event: 1,998 GC heap before
{Heap before GC invocations=2 (full 0):
 garbage-first heap   total 126976K, used 34396K [0x0000000085600000, 0x0000000100000000)
  region size 1024K, 30 young (30720K), 2 survivors (2048K)
 Metaspace       used 18254K, capacity 18803K, committed 18944K, reserved 1067008K
  class space    used 1988K, capacity 2253K, committed 2304K, reserved 1048576K
}
Event: 2,007 GC heap after
{Heap after GC invocations=3 (full 0):
 garbage-first heap   total 126976K, used 5927K [0x0000000085600000, 0x0000000100000000)
  region size 1024K, 2 young (2048K), 2 survivors (2048K)
 Metaspace       used 18254K, capacity 18803K, committed 18944K, reserved 1067008K
  class space    used 1988K, capacity 2253K, committed 2304K, reserved 1048576K
}
Event: 6,120 GC heap before
{Heap before GC invocations=3 (full 0):
 garbage-first heap   total 126976K, used 11047K [0x0000000085600000, 0x0000000100000000)
  region size 1024K, 8 young (8192K), 2 survivors (2048K)
 Metaspace       used 20648K, capacity 21183K, committed 21248K, reserved 1069056K
  class space    used 2280K, capacity 2556K, committed 2560K, reserved 1048576K
}
Event: 6,123 GC heap after
{Heap after GC invocations=4 (full 0):
 garbage-first heap   total 126976K, used 6076K [0x0000000085600000, 0x0000000100000000)
  region size 1024K, 2 young (2048K), 2 survivors (2048K)
 Metaspace       used 20648K, capacity 21183K, committed 21248K, reserved 1069056K
  class space    used 2280K, capacity 2556K, committed 2560K, reserved 1048576K
}
Event: 6,896 GC heap before
{Heap before GC invocations=5 (full 0):
 garbage-first heap   total 126976K, used 41916K [0x0000000085600000, 0x0000000100000000)
  region size 1024K, 38 young (38912K), 2 survivors (2048K)
 Metaspace       used 34832K, capacity 35525K, committed 35840K, reserved 1081344K
  class space    used 4078K, capacity 4393K, committed 4480K, reserved 1048576K
}
Event: 6,904 GC heap after
{Heap after GC invocations=6 (full 0):
 garbage-first heap   total 126976K, used 9877K [0x0000000085600000, 0x0000000100000000)
  region size 1024K, 6 young (6144K), 6 survivors (6144K)
 Metaspace       used 34832K, capacity 35525K, committed 35840K, reserved 1081344K
  class space    used 4078K, capacity 4393K, committed 4480K, reserved 1048576K
}
Event: 8,087 GC heap before
{Heap before GC invocations=7 (full 0):
 garbage-first heap   total 126976K, used 61077K [0x0000000085600000, 0x0000000100000000)
  region size 1024K, 56 young (57344K), 6 survivors (6144K)
 Metaspace       used 47020K, capacity 47788K, committed 48512K, reserved 1091584K
  class space    used 5591K, capacity 5947K, committed 6016K, reserved 1048576K
}
Event: 8,099 GC heap after
{Heap after GC invocations=8 (full 0):
 garbage-first heap   total 126976K, used 12700K [0x0000000085600000, 0x0000000100000000)
  region size 1024K, 3 young (3072K), 3 survivors (3072K)
 Metaspace       used 47020K, capacity 47788K, committed 48512K, reserved 1091584K
  class space    used 5591K, capacity 5947K, committed 6016K, reserved 1048576K
}

